[debug] [2023-10-12T23:12:04.091Z] ----------------------------------------------------------------------
[debug] [2023-10-12T23:12:04.094Z] Command:       C:\Program Files\nodejs\node.exe C:\Users\totoy\AppData\Roaming\npm\node_modules\firebase-tools\lib\bin\firebase.js init hosting
[debug] [2023-10-12T23:12:04.094Z] CLI Version:   12.7.0
[debug] [2023-10-12T23:12:04.094Z] Platform:      win32
[debug] [2023-10-12T23:12:04.095Z] Node Version:  v18.16.1
[debug] [2023-10-12T23:12:04.096Z] Time:          Thu Oct 12 2023 20:12:04 GMT-0300 (hora estándar de Argentina)
[debug] [2023-10-12T23:12:04.096Z] ----------------------------------------------------------------------
[debug] 
[debug] [2023-10-12T23:12:04.107Z] > command requires scopes: ["email","openid","https://www.googleapis.com/auth/cloudplatformprojects.readonly","https://www.googleapis.com/auth/firebase","https://www.googleapis.com/auth/cloud-platform"]
[debug] [2023-10-12T23:12:04.107Z] > authorizing via signed-in user (zorrobrayan0@gmail.com)
[info] 
     ######## #### ########  ######## ########     ###     ######  ########
     ##        ##  ##     ## ##       ##     ##  ##   ##  ##       ##
     ######    ##  ########  ######   ########  #########  ######  ######
     ##        ##  ##    ##  ##       ##     ## ##     ##       ## ##
     ##       #### ##     ## ######## ########  ##     ##  ######  ########

You're about to initialize a Firebase project in this directory:

  E:\diplomatura\diplomatura full stack 3 materia\clase 11\firebase11

[info] 
=== Project Setup
[info] 
[info] First, let's associate this project directory with a Firebase project.
[info] You can create multiple project aliases by running firebase use --add, 
[info] but for now we'll just set up a default project.
[info] 
[debug] [2023-10-12T23:12:09.493Z] >>> [apiv2][query] GET https://firebase.googleapis.com/v1beta1/projects pageSize=100
[debug] [2023-10-12T23:12:10.173Z] <<< [apiv2][status] GET https://firebase.googleapis.com/v1beta1/projects 200
[debug] [2023-10-12T23:12:10.173Z] <<< [apiv2][body] GET https://firebase.googleapis.com/v1beta1/projects [omitted]
[info] i  Using project clase-11-53a3b (clase 11) 
[info] 
=== Hosting Setup
[info] 
[info] Your public directory is the folder (relative to your project directory) that
[info] will contain Hosting assets to be uploaded with firebase deploy. If you
[info] have a build process for your assets, use your build's output directory.
[info] 
[debug] [2023-10-12T23:12:39.068Z] >>> [apiv2][query] GET https://www.gstatic.com/firebasejs/releases.json [none]
[debug] [2023-10-12T23:12:39.146Z] <<< [apiv2][status] GET https://www.gstatic.com/firebasejs/releases.json 200
[debug] [2023-10-12T23:12:39.146Z] <<< [apiv2][body] GET https://www.gstatic.com/firebasejs/releases.json {"current":{"version":"10.5.0","browserURL":"https://www.gstatic.com/firebasejs/10.5.0/firebase.js","packageURL":"https://www.gstatic.com/firebasejs/10.5.0/firebase.tgz"},"live":{"version":"10.5","browserURL":"https://www.gstatic.com/firebasejs/live/10.5/firebase.js","packageURL":"https://www.gstatic.com/firebasejs/live/10.5/firebase.tgz"},"components":{"analytics":"https://www.gstatic.com/firebasejs/10.5.0/firebase-analytics.js","app":"https://www.gstatic.com/firebasejs/10.5.0/firebase-app.js","app-check":"https://www.gstatic.com/firebasejs/10.5.0/firebase-app-check.js","auth":"https://www.gstatic.com/firebasejs/10.5.0/firebase-auth.js","auth/cordova":"https://www.gstatic.com/firebasejs/10.5.0/firebase-auth/cordova.js","functions":"https://www.gstatic.com/firebasejs/10.5.0/firebase-functions.js","firestore":"https://www.gstatic.com/firebasejs/10.5.0/firebase-firestore.js","firestore/lite":"https://www.gstatic.com/firebasejs/10.5.0/firebase-firestore/lite.js","installations":"https://www.gstatic.com/firebasejs/10.5.0/firebase-installations.js","storage":"https://www.gstatic.com/firebasejs/10.5.0/firebase-storage.js","performance":"https://www.gstatic.com/firebasejs/10.5.0/firebase-performance.js","remote-config":"https://www.gstatic.com/firebasejs/10.5.0/firebase-remote-config.js","messaging":"https://www.gstatic.com/firebasejs/10.5.0/firebase-messaging.js","messaging/sw":"https://www.gstatic.com/firebasejs/10.5.0/firebase-messaging/sw.js","database":"https://www.gstatic.com/firebasejs/10.5.0/firebase-database.js","firestore.memory":"https://www.gstatic.com/firebasejs/10.5.0/firebase-firestore.memory.js"}}
[info] i  Skipping write of build/index.html 
[info] 
[info] i  Detected a .git folder at E:\diplomatura\diplomatura full stack 3 materia\clase 11\firebase11 
[info] i  Authorizing with GitHub to upload your service account to a GitHub repository's secrets store. 
[info] 
[info] Visit this URL on this device to log in:
[info] https://github.com/login/oauth/authorize?client_id=89cf50f02ac6aaed3484&state=200594862&redirect_uri=http%3A%2F%2Flocalhost%3A9005&scope=read%3Auser%20repo%20public_repo
[info] 
[info] Waiting for authentication...
[debug] [2023-10-12T23:13:05.246Z] >>> [apiv2][query] POST https://github.com/login/oauth/access_token [none]
[debug] [2023-10-12T23:13:05.246Z] >>> [apiv2][body] POST https://github.com/login/oauth/access_token [stream]
[debug] [2023-10-12T23:13:05.624Z] <<< [apiv2][status] POST https://github.com/login/oauth/access_token 200
[debug] [2023-10-12T23:13:05.624Z] <<< [apiv2][body] POST https://github.com/login/oauth/access_token {"access_token":"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","token_type":"bearer","scope":"read:user,repo"}
[debug] [2023-10-12T23:13:05.629Z] >>> [apiv2][query] GET https://api.github.com/user [none]
[debug] [2023-10-12T23:13:06.000Z] <<< [apiv2][status] GET https://api.github.com/user 200
[debug] [2023-10-12T23:13:06.000Z] <<< [apiv2][body] GET https://api.github.com/user {"login":"brayan084","id":129143029,"node_id":"U_kgDOB7KQ9Q","avatar_url":"https://avatars.githubusercontent.com/u/129143029?v=4","gravatar_id":"","url":"https://api.github.com/users/brayan084","html_url":"https://github.com/brayan084","followers_url":"https://api.github.com/users/brayan084/followers","following_url":"https://api.github.com/users/brayan084/following{/other_user}","gists_url":"https://api.github.com/users/brayan084/gists{/gist_id}","starred_url":"https://api.github.com/users/brayan084/starred{/owner}{/repo}","subscriptions_url":"https://api.github.com/users/brayan084/subscriptions","organizations_url":"https://api.github.com/users/brayan084/orgs","repos_url":"https://api.github.com/users/brayan084/repos","events_url":"https://api.github.com/users/brayan084/events{/privacy}","received_events_url":"https://api.github.com/users/brayan084/received_events","type":"User","site_admin":false,"name":"Brayan","company":null,"blog":"","location":null,"email":null,"hireable":null,"bio":null,"twitter_username":null,"public_repos":7,"public_gists":0,"followers":0,"following":2,"created_at":"2023-03-28T04:46:18Z","updated_at":"2023-09-18T20:09:19Z","private_gists":0,"total_private_repos":1,"owned_private_repos":1,"disk_usage":63235,"collaborators":0,"two_factor_authentication":true,"plan":{"name":"free","space":976562499,"collaborators":0,"private_repos":10000}}
[info] 
[info] +  Success! Logged into GitHub as brayan084 
[info] 
